<?xml version="1.0" encoding="UTF-8"?>
<testng-results ignored="0" total="1" passed="1" failed="0" skipped="0">
  <reporter-output>
  </reporter-output>
  <suite started-at="2024-03-29T13:16:14 IST" name="Default suite" finished-at="2024-03-29T13:16:26 IST" duration-ms="11469">
    <groups>
    </groups>
    <test started-at="2024-03-29T13:16:14 IST" name="Default test" finished-at="2024-03-29T13:16:26 IST" duration-ms="11469">
      <class name="hihh.yayay">
        <test-method signature="amma()[pri:0, instance:hihh.yayay@72967906]" started-at="2024-03-29T13:16:14 IST" name="amma" finished-at="2024-03-29T13:16:26 IST" duration-ms="11399" status="PASS">
          <reporter-output>
          </reporter-output>
        </test-method> <!-- amma -->
      </class> <!-- hihh.yayay -->
    </test> <!-- Default test -->
  </suite> <!-- Default suite -->
</testng-results>
